<?xml version="1.0" encoding="UTF-8"?>
<!-- Generated by org.testng.reporters.JUnitXMLReporter -->
<testsuite ignored="0" hostname="BADAHA" failures="1" tests="9" name="Default test" time="159.636" errors="0" timestamp="2025-09-21T19:44:21 EEST">
  <testcase classname="Test_Classes.LoginPage_Test" name="upload_Pic" time="16.525"/>
  <testcase classname="Test_Classes.LoginPage_Test" name="update_Pic" time="22.446"/>
  <testcase classname="Test_Classes.LoginPage_Test" name="add_Pic_frame" time="13.561"/>
  <testcase classname="Test_Classes.LoginPage_Test" name="remove_Pic_frame" time="9.578"/>
  <testcase classname="Test_Classes.LoginPage_Test" name="Change_Pic_Privacy" time="6.712"/>
  <testcase classname="Test_Classes.LoginPage_Test" name="delete_Profile_Pictrue" time="9.258"/>
  <testcase classname="Test_Classes.LoginPage_Test" name="Add_Experiance" time="41.345"/>
  <testcase classname="Test_Classes.LoginPage_Test" name="Delete_Experiance" time="17.161"/>
  <testcase classname="Test_Classes.LoginPage_Test" name="LogOut" time="12.245">
    <failure type="org.openqa.selenium.NoSuchElementException" message="An element could not be located on the page using the given search parameters.
For documentation on this error, please visit: https://www.seleniumhq.org/exceptions/no_such_element.html
Build info: version: &amp;apos;3.141.59&amp;apos;, revision: &amp;apos;e82be7d358&amp;apos;, time: &amp;apos;2018-11-14T08:17:03&amp;apos;
System info: host: &amp;apos;BADAHA&amp;apos;, ip: &amp;apos;192.168.3.121&amp;apos;, os.name: &amp;apos;Windows 11&amp;apos;, os.arch: &amp;apos;amd64&amp;apos;, os.version: &amp;apos;10.0&amp;apos;, java.version: &amp;apos;24.0.2&amp;apos;
Driver info: io.appium.java_client.android.AndroidDriver
Capabilities {appActivity: com.linkedin.android.infra...., appPackage: com.linkedin.android, automationName: UiAutomator2, databaseEnabled: false, desired: {appActivity: com.linkedin.android.infra...., appPackage: com.linkedin.android, automationName: UiAutomator2, deviceName: Android Emulator, fullReset: false, noReset: true, platformName: android}, deviceApiLevel: 36, deviceManufacturer: Google, deviceModel: Pixel 8, deviceName: 42060DLJH0020R, deviceScreenDensity: 460, deviceScreenSize: 1080x2400, deviceUDID: 42060DLJH0020R, fullReset: false, javascriptEnabled: true, locationContextEnabled: false, networkConnectionEnabled: true, noReset: true, pixelRatio: 2.875, platform: LINUX, platformName: Android, platformVersion: 16, statBarHeight: 132, takesScreenshot: true, viewportRect: {height: 2268, left: 0, top: 132, width: 1080}, warnings: {}, webStorageEnabled: false}
Session ID: 2ddc213d-45ec-436b-bf6b-8da39267f2b6
*** Element info: {Using=id, value=android:id/button1}">
      <![CDATA[org.openqa.selenium.NoSuchElementException: An element could not be located on the page using the given search parameters.
For documentation on this error, please visit: https://www.seleniumhq.org/exceptions/no_such_element.html
Build info: version: '3.141.59', revision: 'e82be7d358', time: '2018-11-14T08:17:03'
System info: host: 'BADAHA', ip: '192.168.3.121', os.name: 'Windows 11', os.arch: 'amd64', os.version: '10.0', java.version: '24.0.2'
Driver info: io.appium.java_client.android.AndroidDriver
Capabilities {appActivity: com.linkedin.android.infra...., appPackage: com.linkedin.android, automationName: UiAutomator2, databaseEnabled: false, desired: {appActivity: com.linkedin.android.infra...., appPackage: com.linkedin.android, automationName: UiAutomator2, deviceName: Android Emulator, fullReset: false, noReset: true, platformName: android}, deviceApiLevel: 36, deviceManufacturer: Google, deviceModel: Pixel 8, deviceName: 42060DLJH0020R, deviceScreenDensity: 460, deviceScreenSize: 1080x2400, deviceUDID: 42060DLJH0020R, fullReset: false, javascriptEnabled: true, locationContextEnabled: false, networkConnectionEnabled: true, noReset: true, pixelRatio: 2.875, platform: LINUX, platformName: Android, platformVersion: 16, statBarHeight: 132, takesScreenshot: true, viewportRect: {height: 2268, left: 0, top: 132, width: 1080}, warnings: {}, webStorageEnabled: false}
Session ID: 2ddc213d-45ec-436b-bf6b-8da39267f2b6
*** Element info: {Using=id, value=android:id/button1}
at java.base/jdk.internal.reflect.DirectConstructorHandleAccessor.newInstance(DirectConstructorHandleAccessor.java:62)
at java.base/java.lang.reflect.Constructor.newInstanceWithCaller(Constructor.java:499)
at java.base/java.lang.reflect.Constructor.newInstance(Constructor.java:483)
at org.openqa.selenium.remote.http.W3CHttpResponseCodec.createException(W3CHttpResponseCodec.java:187)
at org.openqa.selenium.remote.http.W3CHttpResponseCodec.decode(W3CHttpResponseCodec.java:122)
at org.openqa.selenium.remote.http.W3CHttpResponseCodec.decode(W3CHttpResponseCodec.java:49)
at org.openqa.selenium.remote.HttpCommandExecutor.execute(HttpCommandExecutor.java:158)
at io.appium.java_client.remote.AppiumCommandExecutor.execute(AppiumCommandExecutor.java:250)
at org.openqa.selenium.remote.RemoteWebDriver.execute(RemoteWebDriver.java:552)
at io.appium.java_client.DefaultGenericMobileDriver.execute(DefaultGenericMobileDriver.java:41)
at io.appium.java_client.AppiumDriver.execute(AppiumDriver.java:1)
at io.appium.java_client.android.AndroidDriver.execute(AndroidDriver.java:1)
at org.openqa.selenium.remote.RemoteWebDriver.findElement(RemoteWebDriver.java:323)
at io.appium.java_client.DefaultGenericMobileDriver.findElement(DefaultGenericMobileDriver.java:61)
at io.appium.java_client.AppiumDriver.findElement(AppiumDriver.java:1)
at io.appium.java_client.android.AndroidDriver.findElement(AndroidDriver.java:1)
at org.openqa.selenium.remote.RemoteWebDriver.findElementById(RemoteWebDriver.java:372)
at io.appium.java_client.DefaultGenericMobileDriver.findElementById(DefaultGenericMobileDriver.java:69)
at io.appium.java_client.AppiumDriver.findElementById(AppiumDriver.java:1)
at io.appium.java_client.android.AndroidDriver.findElementById(AndroidDriver.java:1)
at org.openqa.selenium.By$ById.findElement(By.java:188)
at org.openqa.selenium.remote.RemoteWebDriver.findElement(RemoteWebDriver.java:315)
at io.appium.java_client.DefaultGenericMobileDriver.findElement(DefaultGenericMobileDriver.java:57)
at io.appium.java_client.AppiumDriver.findElement(AppiumDriver.java:1)
at io.appium.java_client.android.AndroidDriver.findElement(AndroidDriver.java:1)
at Pages.LinkedInProfile_Page.LogOut(LinkedInProfile_Page.java:567)
at Test_Classes.LoginPage_Test.LogOut(LoginPage_Test.java:140)
at java.base/jdk.internal.reflect.DirectMethodHandleAccessor.invoke(DirectMethodHandleAccessor.java:104)
at java.base/java.lang.reflect.Method.invoke(Method.java:565)
at org.testng.internal.invokers.MethodInvocationHelper.invokeMethod(MethodInvocationHelper.java:141)
at org.testng.internal.invokers.TestInvoker.invokeMethod(TestInvoker.java:687)
at org.testng.internal.invokers.TestInvoker.invokeTestMethod(TestInvoker.java:230)
at org.testng.internal.invokers.MethodRunner.runInSequence(MethodRunner.java:63)
at org.testng.internal.invokers.TestInvoker$MethodInvocationAgent.invoke(TestInvoker.java:995)
at org.testng.internal.invokers.TestInvoker.invokeTestMethods(TestInvoker.java:203)
at org.testng.internal.invokers.TestMethodWorker.invokeTestMethods(TestMethodWorker.java:154)
at org.testng.internal.invokers.TestMethodWorker.run(TestMethodWorker.java:134)
at java.base/java.util.ArrayList.forEach(ArrayList.java:1604)
at org.testng.TestRunner.privateRun(TestRunner.java:741)
at org.testng.TestRunner.run(TestRunner.java:616)
at org.testng.SuiteRunner.runTest(SuiteRunner.java:421)
at org.testng.SuiteRunner.runSequentially(SuiteRunner.java:413)
at org.testng.SuiteRunner.privateRun(SuiteRunner.java:373)
at org.testng.SuiteRunner.run(SuiteRunner.java:312)
at org.testng.SuiteRunnerWorker.runSuite(SuiteRunnerWorker.java:52)
at org.testng.SuiteRunnerWorker.run(SuiteRunnerWorker.java:95)
at org.testng.TestNG.runSuitesSequentially(TestNG.java:1274)
at org.testng.TestNG.runSuitesLocally(TestNG.java:1208)
at org.testng.TestNG.runSuites(TestNG.java:1112)
at org.testng.TestNG.run(TestNG.java:1079)
at org.testng.remote.AbstractRemoteTestNG.run(AbstractRemoteTestNG.java:115)
at org.testng.remote.RemoteTestNG.initAndRun(RemoteTestNG.java:293)
at org.testng.remote.RemoteTestNG.main(RemoteTestNG.java:91)
]]>
    </failure>
  </testcase> <!-- LogOut -->
</testsuite> <!-- Default test -->
